<?xml version="1.0" encoding="UTF-8" ?>
<testsuite tests="12" failures="0" name="ComUtilTest" time="0.009" errors="0" skipped="0">
  <properties>
    <property name="java.runtime.name" value="Java(TM) SE Runtime Environment"/>
    <property name="sun.boot.library.path" value="C:\soft\pleiades\java\8\jre\bin"/>
    <property name="java.vm.version" value="25.102-b14"/>
    <property name="java.vm.vendor" value="Oracle Corporation"/>
    <property name="maven.multiModuleProjectDirectory" value="C:\zhangtian\workspace\mavenhsc"/>
    <property name="java.vendor.url" value="http://java.oracle.com/"/>
    <property name="path.separator" value=";"/>
    <property name="guice.disable.misplaced.annotation.check" value="true"/>
    <property name="java.vm.name" value="Java HotSpot(TM) Client VM"/>
    <property name="file.encoding.pkg" value="sun.io"/>
    <property name="user.script" value=""/>
    <property name="user.country" value="JP"/>
    <property name="sun.java.launcher" value="SUN_STANDARD"/>
    <property name="sun.os.patch.level" value="Service Pack 1"/>
    <property name="java.vm.specification.name" value="Java Virtual Machine Specification"/>
    <property name="user.dir" value="C:\zhangtian\workspace\mavenhsc"/>
    <property name="java.runtime.version" value="1.8.0_102-b14"/>
    <property name="java.awt.graphicsenv" value="sun.awt.Win32GraphicsEnvironment"/>
    <property name="java.endorsed.dirs" value="C:\soft\pleiades\java\8\jre\lib\endorsed"/>
    <property name="os.arch" value="x86"/>
    <property name="java.io.tmpdir" value="C:\Users\nagai\AppData\Local\Temp\"/>
    <property name="line.separator" value="
"/>
    <property name="java.vm.specification.vendor" value="Oracle Corporation"/>
    <property name="user.variant" value=""/>
    <property name="os.name" value="Windows 7"/>
    <property name="classworlds.conf" value="C:\zhangtian\workspace\.metadata\.plugins\org.eclipse.m2e.launching\launches\m2conf6536381585072736196.tmp"/>
    <property name="sun.jnu.encoding" value="MS932"/>
    <property name="java.library.path" value="C:\soft\pleiades\java\8\bin;C:\Windows\Sun\Java\bin;C:\Windows\system32;C:\Windows;C:/soft/pleiades/eclipse/jre/bin/../jre/bin/client;C:/soft/pleiades/eclipse/jre/bin/../jre/bin;C:/soft/pleiades/eclipse/jre/bin/../jre/lib/i386;C:\ProgramData\Oracle\Java\javapath;c:\Program Files\Intel\iCLS Client\;C:\Windows\system32;C:\Windows;C:\Windows\System32\Wbem;C:\Windows\System32\WindowsPowerShell\v1.0\;C:\Program Files\Intel\Intel(R) Management Engine Components\DAL;C:\Program Files\Intel\Intel(R) Management Engine Components\IPT;c:\Program Files\Hewlett-Packard\HP ProtectTools Security Manager\Bin\;C:\Program Files\TortoiseSVN\bin;C:\Program Files\Java\jdk1.7.0_51\bin;C:\mysql\bin;C:\Program Files\Git\cmd;C:\Users\nagai\AppData\Local\Programs\EmEditor;C:\soft\pleiades\eclipse;;."/>
    <property name="java.specification.name" value="Java Platform API Specification"/>
    <property name="java.class.version" value="52.0"/>
    <property name="sun.management.compiler" value="HotSpot Client Compiler"/>
    <property name="os.version" value="6.1"/>
    <property name="user.home" value="C:\Users\nagai"/>
    <property name="user.timezone" value="Asia/Tokyo"/>
    <property name="java.awt.printerjob" value="sun.awt.windows.WPrinterJob"/>
    <property name="java.specification.version" value="1.8"/>
    <property name="file.encoding" value="UTF-8"/>
    <property name="user.name" value="nagai"/>
    <property name="java.class.path" value="C:\work\apache-maven-3.3.9\boot\plexus-classworlds-2.5.2.jar"/>
    <property name="java.vm.specification.version" value="1.8"/>
    <property name="sun.arch.data.model" value="32"/>
    <property name="java.home" value="C:\soft\pleiades\java\8\jre"/>
    <property name="sun.java.command" value="org.codehaus.plexus.classworlds.launcher.Launcher -B -s C:\Users\nagai\.m2\settings.xml package"/>
    <property name="java.specification.vendor" value="Oracle Corporation"/>
    <property name="user.language" value="ja"/>
    <property name="awt.toolkit" value="sun.awt.windows.WToolkit"/>
    <property name="java.vm.info" value="mixed mode"/>
    <property name="java.version" value="1.8.0_102"/>
    <property name="java.ext.dirs" value="C:\soft\pleiades\java\8\jre\lib\ext;C:\Windows\Sun\Java\lib\ext"/>
    <property name="sun.boot.class.path" value="C:\soft\pleiades\java\8\jre\lib\resources.jar;C:\soft\pleiades\java\8\jre\lib\rt.jar;C:\soft\pleiades\java\8\jre\lib\sunrsasign.jar;C:\soft\pleiades\java\8\jre\lib\jsse.jar;C:\soft\pleiades\java\8\jre\lib\jce.jar;C:\soft\pleiades\java\8\jre\lib\charsets.jar;C:\soft\pleiades\java\8\jre\lib\jfr.jar;C:\soft\pleiades\java\8\jre\classes"/>
    <property name="java.vendor" value="Oracle Corporation"/>
    <property name="maven.home" value="C:\work\apache-maven-3.3.9"/>
    <property name="file.separator" value="\"/>
    <property name="java.vendor.url.bug" value="http://bugreport.sun.com/bugreport/"/>
    <property name="sun.cpu.endian" value="little"/>
    <property name="sun.io.unicode.encoding" value="UnicodeLittle"/>
    <property name="sun.desktop" value="windows"/>
    <property name="sun.cpu.isalist" value="pentium_pro+mmx pentium_pro pentium+mmx pentium i486 i386 i86"/>
  </properties>
  <testcase classname="ComUtilTest" name="leftPadZero" time="0"/>
  <testcase classname="ComUtilTest" name="testFor" time="0"/>
  <testcase classname="ComUtilTest" name="toLngTest" time="0"/>
  <testcase classname="ComUtilTest" name="leftPadZeroTest" time="0"/>
  <testcase classname="ComUtilTest" name="isEmptyTest" time="0"/>
  <testcase classname="ComUtilTest" name="isAlphaNumTest" time="0"/>
  <testcase classname="ComUtilTest" name="convertJc2AdTest" time="0.009"/>
  <testcase classname="ComUtilTest" name="toIntTest" time="0"/>
  <testcase classname="ComUtilTest" name="convertEmptyToNullTest" time="0"/>
  <testcase classname="ComUtilTest" name="compareBiggerTest" time="0"/>
  <testcase classname="ComUtilTest" name="isNumberTest" time="0"/>
  <testcase classname="ComUtilTest" name="compareSmallerTest" time="0"/>
</testsuite>